[2026-06-25 08:36:32] 
==================================================
[2026-06-25 08:36:32] 🛫  Aena Mallorca Scraper — 2026-06-25 08:36
[2026-06-25 08:36:32]     Anni: 2019–2026 | Force: False
[2026-06-25 08:36:32] ==================================================
[2026-06-25 08:36:32] 
📅  2019
[2026-06-25 08:36:34]     Trovati 12 mesi
[2026-06-25 08:36:36]     ✅  01:   10,134,220 passeggeri
[2026-06-25 08:36:38]     ✅  02:    9,536,140 passeggeri
[2026-06-25 08:36:39]     ✅  03:   13,040,610 passeggeri
[2026-06-25 08:36:41]     ✅  04:   25,142,860 passeggeri
[2026-06-25 08:36:43]     ✅  05:   31,815,770 passeggeri
[2026-06-25 08:36:44]     ✅  06:   38,538,770 passeggeri
[2026-06-25 08:36:46]     ✅  07:   42,072,180 passeggeri
[2026-06-25 08:36:48]     ✅  08:   42,811,850 passeggeri
[2026-06-25 08:36:50]     ✅  09:   37,670,330 passeggeri
[2026-06-25 08:36:52]     ✅  10:   29,240,540 passeggeri
[2026-06-25 08:36:53]     ✅  11:   10,028,690 passeggeri
[2026-06-25 08:36:55]     ✅  12:    9,912,510 passeggeri
[2026-06-25 08:36:55] 
📅  2020
[2026-06-25 08:36:59]     Trovati 12 mesi
[2026-06-25 08:37:01]     ✅  01:    9,492,860 passeggeri
[2026-06-25 08:37:02]     ✅  02:    9,237,490 passeggeri
[2026-06-25 08:37:04]     ✅  03:    5,172,860 passeggeri
[2026-06-25 08:37:06]     ✅  04:       89,550 passeggeri
[2026-06-25 08:37:07]     ✅  05:      227,640 passeggeri
[2026-06-25 08:37:09]     ✅  06:    1,275,550 passeggeri
[2026-06-25 08:37:11]     ✅  07:   11,028,510 passeggeri
[2026-06-25 08:37:12]     ✅  08:   13,566,530 passeggeri
[2026-06-25 08:37:14]     ✅  09:    5,130,680 passeggeri
[2026-06-25 08:37:16]     ✅  10:    3,959,050 passeggeri
[2026-06-25 08:37:17]     ✅  11:    1,985,800 passeggeri
[2026-06-25 08:37:19]     ✅  12:    2,435,850 passeggeri
[2026-06-25 08:37:19] 
📅  2021
[2026-06-25 08:37:20]     Trovati 12 mesi
[2026-06-25 08:37:22]     ✅  01:    1,655,330 passeggeri
[2026-06-25 08:37:24]     ✅  02:    1,416,570 passeggeri
[2026-06-25 08:37:25]     ✅  03:    2,721,930 passeggeri
[2026-06-25 08:37:27]     ✅  04:    4,816,780 passeggeri
[2026-06-25 08:37:29]     ✅  05:    8,545,950 passeggeri
[2026-06-25 08:37:30]     ✅  06:   14,086,120 passeggeri
[2026-06-25 08:37:32]     ✅  07:   24,326,660 passeggeri
[2026-06-25 08:37:33]     ✅  08:   28,535,480 passeggeri
[2026-06-25 08:37:35]     ✅  09:   23,062,800 passeggeri
[2026-06-25 08:37:37]     ✅  10:   22,843,540 passeggeri
[2026-06-25 08:37:39]     ✅  11:    8,631,690 passeggeri
[2026-06-25 08:37:40]     ✅  12:    7,628,650 passeggeri
[2026-06-25 08:37:40] 
📅  2022
[2026-06-25 08:37:43]     Trovati 12 mesi
[2026-06-25 08:37:45]     openpyxl error: openpyxl does not support the old .xls file format, please use xlrd to read this file, or convert it to the more recent .xlsx file format.
[2026-06-25 08:37:45]     xlrd error: Excel xlsx file; not supported
[2026-06-25 08:37:45]     ⚠️   01: parsing fallito — controlla data/xls/2022_01.xls
[2026-06-25 08:37:47]     openpyxl error: openpyxl does not support the old .xls file format, please use xlrd to read this file, or convert it to the more recent .xlsx file format.
[2026-06-25 08:37:47]     xlrd error: Excel xlsx file; not supported
[2026-06-25 08:37:47]     ⚠️   02: parsing fallito — controlla data/xls/2022_02.xls
[2026-06-25 08:37:48]     openpyxl error: openpyxl does not support the old .xls file format, please use xlrd to read this file, or convert it to the more recent .xlsx file format.
[2026-06-25 08:37:48]     xlrd error: Excel xlsx file; not supported
[2026-06-25 08:37:48]     ⚠️   03: parsing fallito — controlla data/xls/2022_03.xls
[2026-06-25 08:37:50]     openpyxl error: openpyxl does not support the old .xls file format, please use xlrd to read this file, or convert it to the more recent .xlsx file format.
[2026-06-25 08:37:50]     xlrd error: Excel xlsx file; not supported
[2026-06-25 08:37:50]     ⚠️   04: parsing fallito — controlla data/xls/2022_04.xls
[2026-06-25 08:37:52]     openpyxl error: openpyxl does not support the old .xls file format, please use xlrd to read this file, or convert it to the more recent .xlsx file format.
[2026-06-25 08:37:52]     xlrd error: Excel xlsx file; not supported
[2026-06-25 08:37:52]     ⚠️   05: parsing fallito — controlla data/xls/2022_05.xls
[2026-06-25 08:37:53]     openpyxl error: openpyxl does not support the old .xls file format, please use xlrd to read this file, or convert it to the more recent .xlsx file format.
[2026-06-25 08:37:53]     xlrd error: Excel xlsx file; not supported
[2026-06-25 08:37:53]     ⚠️   06: parsing fallito — controlla data/xls/2022_06.xls
[2026-06-25 08:37:55]     openpyxl error: openpyxl does not support the old .xls file format, please use xlrd to read this file, or convert it to the more recent .xlsx file format.
[2026-06-25 08:37:55]     xlrd error: Excel xlsx file; not supported
[2026-06-25 08:37:55]     ⚠️   07: parsing fallito — controlla data/xls/2022_07.xls
[2026-06-25 08:37:57]     openpyxl error: openpyxl does not support the old .xls file format, please use xlrd to read this file, or convert it to the more recent .xlsx file format.
[2026-06-25 08:37:57]     xlrd error: Excel xlsx file; not supported
[2026-06-25 08:37:57]     ⚠️   08: parsing fallito — controlla data/xls/2022_08.xls
[2026-06-25 08:37:58]     openpyxl error: openpyxl does not support the old .xls file format, please use xlrd to read this file, or convert it to the more recent .xlsx file format.
[2026-06-25 08:37:58]     xlrd error: Excel xlsx file; not supported
[2026-06-25 08:37:58]     ⚠️   09: parsing fallito — controlla data/xls/2022_09.xls
[2026-06-25 08:38:00]     openpyxl error: openpyxl does not support the old .xls file format, please use xlrd to read this file, or convert it to the more recent .xlsx file format.
[2026-06-25 08:38:00]     xlrd error: Excel xlsx file; not supported
[2026-06-25 08:38:00]     ⚠️   10: parsing fallito — controlla data/xls/2022_10.xls
[2026-06-25 08:38:02]     openpyxl error: openpyxl does not support the old .xls file format, please use xlrd to read this file, or convert it to the more recent .xlsx file format.
[2026-06-25 08:38:02]     xlrd error: Excel xlsx file; not supported
[2026-06-25 08:38:02]     ⚠️   11: parsing fallito — controlla data/xls/2022_11.xls
[2026-06-25 08:38:04]     openpyxl error: openpyxl does not support the old .xls file format, please use xlrd to read this file, or convert it to the more recent .xlsx file format.
[2026-06-25 08:38:04]     xlrd error: Excel xlsx file; not supported
[2026-06-25 08:38:04]     ⚠️   12: parsing fallito — controlla data/xls/2022_12.xls
[2026-06-25 08:38:04] 
📅  2023
[2026-06-25 08:38:06]     Trovati 12 mesi
[2026-06-25 08:38:08]     openpyxl error: openpyxl does not support the old .xls file format, please use xlrd to read this file, or convert it to the more recent .xlsx file format.
[2026-06-25 08:38:08]     xlrd error: Excel xlsx file; not supported
[2026-06-25 08:38:08]     ⚠️   01: parsing fallito — controlla data/xls/2023_01.xls
[2026-06-25 08:38:10]     openpyxl error: openpyxl does not support the old .xls file format, please use xlrd to read this file, or convert it to the more recent .xlsx file format.
[2026-06-25 08:38:10]     xlrd error: Excel xlsx file; not supported
[2026-06-25 08:38:10]     ⚠️   02: parsing fallito — controlla data/xls/2023_02.xls
[2026-06-25 08:38:12]     openpyxl error: openpyxl does not support the old .xls file format, please use xlrd to read this file, or convert it to the more recent .xlsx file format.
[2026-06-25 08:38:12]     xlrd error: Excel xlsx file; not supported
[2026-06-25 08:38:12]     ⚠️   03: parsing fallito — controlla data/xls/2023_03.xls
[2026-06-25 08:38:13]     openpyxl error: openpyxl does not support the old .xls file format, please use xlrd to read this file, or convert it to the more recent .xlsx file format.
[2026-06-25 08:38:13]     xlrd error: Excel xlsx file; not supported
[2026-06-25 08:38:13]     ⚠️   04: parsing fallito — controlla data/xls/2023_04.xls
[2026-06-25 08:38:15]     openpyxl error: openpyxl does not support the old .xls file format, please use xlrd to read this file, or convert it to the more recent .xlsx file format.
[2026-06-25 08:38:15]     xlrd error: Excel xlsx file; not supported
[2026-06-25 08:38:15]     ⚠️   05: parsing fallito — controlla data/xls/2023_05.xls
[2026-06-25 08:38:17]     openpyxl error: openpyxl does not support the old .xls file format, please use xlrd to read this file, or convert it to the more recent .xlsx file format.
[2026-06-25 08:38:17]     xlrd error: Excel xlsx file; not supported
[2026-06-25 08:38:17]     ⚠️   06: parsing fallito — controlla data/xls/2023_06.xls
[2026-06-25 08:38:18]     openpyxl error: openpyxl does not support the old .xls file format, please use xlrd to read this file, or convert it to the more recent .xlsx file format.
[2026-06-25 08:38:18]     xlrd error: Excel xlsx file; not supported
[2026-06-25 08:38:18]     ⚠️   07: parsing fallito — controlla data/xls/2023_07.xls
[2026-06-25 08:38:20]     openpyxl error: openpyxl does not support the old .xls file format, please use xlrd to read this file, or convert it to the more recent .xlsx file format.
[2026-06-25 08:38:20]     xlrd error: Excel xlsx file; not supported
[2026-06-25 08:38:20]     ⚠️   08: parsing fallito — controlla data/xls/2023_08.xls
[2026-06-25 08:38:22]     openpyxl error: openpyxl does not support the old .xls file format, please use xlrd to read this file, or convert it to the more recent .xlsx file format.
[2026-06-25 08:38:22]     xlrd error: Excel xlsx file; not supported
[2026-06-25 08:38:22]     ⚠️   09: parsing fallito — controlla data/xls/2023_09.xls
[2026-06-25 08:38:23]     openpyxl error: openpyxl does not support the old .xls file format, please use xlrd to read this file, or convert it to the more recent .xlsx file format.
[2026-06-25 08:38:23]     xlrd error: Excel xlsx file; not supported
[2026-06-25 08:38:23]     ⚠️   10: parsing fallito — controlla data/xls/2023_10.xls
[2026-06-25 08:38:25]     openpyxl error: openpyxl does not support the old .xls file format, please use xlrd to read this file, or convert it to the more recent .xlsx file format.
[2026-06-25 08:38:25]     xlrd error: Excel xlsx file; not supported
[2026-06-25 08:38:25]     ⚠️   11: parsing fallito — controlla data/xls/2023_11.xls
[2026-06-25 08:38:27]     openpyxl error: openpyxl does not support the old .xls file format, please use xlrd to read this file, or convert it to the more recent .xlsx file format.
[2026-06-25 08:38:27]     xlrd error: Excel xlsx file; not supported
[2026-06-25 08:38:27]     ⚠️   12: parsing fallito — controlla data/xls/2023_12.xls
[2026-06-25 08:38:27] 
📅  2024
[2026-06-25 08:38:30]     Trovati 12 mesi
[2026-06-25 08:38:31]     openpyxl error: openpyxl does not support the old .xls file format, please use xlrd to read this file, or convert it to the more recent .xlsx file format.
[2026-06-25 08:38:31]     xlrd error: Excel xlsx file; not supported
[2026-06-25 08:38:31]     ⚠️   01: parsing fallito — controlla data/xls/2024_01.xls
[2026-06-25 08:38:33]     openpyxl error: openpyxl does not support the old .xls file format, please use xlrd to read this file, or convert it to the more recent .xlsx file format.
[2026-06-25 08:38:33]     xlrd error: Excel xlsx file; not supported
[2026-06-25 08:38:33]     ⚠️   02: parsing fallito — controlla data/xls/2024_02.xls
[2026-06-25 08:38:35]     openpyxl error: openpyxl does not support the old .xls file format, please use xlrd to read this file, or convert it to the more recent .xlsx file format.
[2026-06-25 08:38:35]     xlrd error: Excel xlsx file; not supported
[2026-06-25 08:38:35]     ⚠️   03: parsing fallito — controlla data/xls/2024_03.xls
[2026-06-25 08:38:37]     openpyxl error: openpyxl does not support the old .xls file format, please use xlrd to read this file, or convert it to the more recent .xlsx file format.
[2026-06-25 08:38:37]     xlrd error: Excel xlsx file; not supported
[2026-06-25 08:38:37]     ⚠️   04: parsing fallito — controlla data/xls/2024_04.xls
[2026-06-25 08:38:38]     openpyxl error: openpyxl does not support the old .xls file format, please use xlrd to read this file, or convert it to the more recent .xlsx file format.
[2026-06-25 08:38:38]     xlrd error: Excel xlsx file; not supported
[2026-06-25 08:38:38]     ⚠️   05: parsing fallito — controlla data/xls/2024_05.xls
[2026-06-25 08:38:40]     openpyxl error: openpyxl does not support the old .xls file format, please use xlrd to read this file, or convert it to the more recent .xlsx file format.
[2026-06-25 08:38:40]     xlrd error: Excel xlsx file; not supported
[2026-06-25 08:38:40]     ⚠️   06: parsing fallito — controlla data/xls/2024_06.xls
[2026-06-25 08:38:42]     openpyxl error: openpyxl does not support the old .xls file format, please use xlrd to read this file, or convert it to the more recent .xlsx file format.
[2026-06-25 08:38:42]     xlrd error: Excel xlsx file; not supported
[2026-06-25 08:38:42]     ⚠️   07: parsing fallito — controlla data/xls/2024_07.xls
[2026-06-25 08:38:44]     openpyxl error: openpyxl does not support the old .xls file format, please use xlrd to read this file, or convert it to the more recent .xlsx file format.
[2026-06-25 08:38:44]     xlrd error: Excel xlsx file; not supported
[2026-06-25 08:38:44]     ⚠️   08: parsing fallito — controlla data/xls/2024_08.xls
[2026-06-25 08:38:45]     openpyxl error: openpyxl does not support the old .xls file format, please use xlrd to read this file, or convert it to the more recent .xlsx file format.
[2026-06-25 08:38:45]     xlrd error: Excel xlsx file; not supported
[2026-06-25 08:38:45]     ⚠️   09: parsing fallito — controlla data/xls/2024_09.xls
[2026-06-25 08:38:47]     openpyxl error: openpyxl does not support the old .xls file format, please use xlrd to read this file, or convert it to the more recent .xlsx file format.
[2026-06-25 08:38:47]     xlrd error: Excel xlsx file; not supported
[2026-06-25 08:38:47]     ⚠️   10: parsing fallito — controlla data/xls/2024_10.xls
[2026-06-25 08:38:49]     openpyxl error: openpyxl does not support the old .xls file format, please use xlrd to read this file, or convert it to the more recent .xlsx file format.
[2026-06-25 08:38:49]     xlrd error: Excel xlsx file; not supported
[2026-06-25 08:38:49]     ⚠️   11: parsing fallito — controlla data/xls/2024_11.xls
[2026-06-25 08:38:50]     openpyxl error: openpyxl does not support the old .xls file format, please use xlrd to read this file, or convert it to the more recent .xlsx file format.
[2026-06-25 08:38:50]     xlrd error: Excel xlsx file; not supported
[2026-06-25 08:38:50]     ⚠️   12: parsing fallito — controlla data/xls/2024_12.xls
[2026-06-25 08:38:50] 
📅  2025
[2026-06-25 08:38:52]     Trovati 12 mesi
[2026-06-25 08:53:14] 
==================================================
[2026-06-25 08:53:14] 🛫  Aena Mallorca Scraper — 2026-06-25 08:53
[2026-06-25 08:53:14]     Anni: 2019–2026 | Force: False
[2026-06-25 08:53:14] ==================================================
[2026-06-25 08:53:14] 
📅  2019
[2026-06-25 08:53:15]     Trovati 12 mesi
[2026-06-25 08:53:15]     ✅  01:    1,013,422 passeggeri
[2026-06-25 08:53:15]     ✅  02:      953,614 passeggeri
[2026-06-25 08:53:15]     ✅  03:    1,304,061 passeggeri
[2026-06-25 08:53:15]     ✅  04:    2,514,286 passeggeri
[2026-06-25 08:53:15]     ✅  05:    3,181,577 passeggeri
[2026-06-25 08:53:15]     ✅  06:    3,853,877 passeggeri
[2026-06-25 08:53:15]     ✅  07:    4,207,218 passeggeri
[2026-06-25 08:53:15]     ✅  08:    4,281,185 passeggeri
[2026-06-25 08:53:15]     ✅  09:    3,767,033 passeggeri
[2026-06-25 08:53:15]     ✅  10:    2,924,054 passeggeri
[2026-06-25 08:53:15]     ✅  11:    1,002,869 passeggeri
[2026-06-25 08:53:15]     ✅  12:      991,251 passeggeri
[2026-06-25 08:53:15] 
📅  2020
[2026-06-25 08:53:17]     Trovati 12 mesi
[2026-06-25 08:53:17]     ✅  01:      949,286 passeggeri
[2026-06-25 08:53:17]     ✅  02:      923,749 passeggeri
[2026-06-25 08:53:17]     ✅  03:      517,286 passeggeri
[2026-06-25 08:53:17]     ✅  04:    1,034,386 passeggeri
[2026-06-25 08:53:17]     ✅  05:       22,764 passeggeri
[2026-06-25 08:53:17]     ✅  06:      127,555 passeggeri
[2026-06-25 08:53:17]     ✅  07:    1,102,851 passeggeri
[2026-06-25 08:53:17]     ✅  08:    1,356,653 passeggeri
[2026-06-25 08:53:17]     ✅  09:      513,068 passeggeri
[2026-06-25 08:53:17]     ✅  10:      395,905 passeggeri
[2026-06-25 08:53:17]     ✅  11:      198,580 passeggeri
[2026-06-25 08:53:17]     ✅  12:      243,585 passeggeri
[2026-06-25 08:53:17] 
📅  2021
[2026-06-25 08:53:20]     Trovati 12 mesi
[2026-06-25 08:53:20]     ✅  01:      165,533 passeggeri
[2026-06-25 08:53:20]     ✅  02:      141,657 passeggeri
[2026-06-25 08:53:20]     ✅  03:      272,193 passeggeri
[2026-06-25 08:53:20]     ✅  04:      481,678 passeggeri
[2026-06-25 08:53:20]     ✅  05:      854,595 passeggeri
[2026-06-25 08:53:20]     ✅  06:    1,408,612 passeggeri
[2026-06-25 08:53:20]     ✅  07:    2,432,666 passeggeri
[2026-06-25 08:53:20]     ✅  08:    2,853,548 passeggeri
[2026-06-25 08:53:20]     ✅  09:    2,306,280 passeggeri
[2026-06-25 08:53:20]     ✅  10:    2,284,354 passeggeri
[2026-06-25 08:53:20]     ✅  11:      863,169 passeggeri
[2026-06-25 08:53:20]     ✅  12:      762,865 passeggeri
[2026-06-25 08:53:20] 
📅  2022
[2026-06-25 08:53:21]     Trovati 12 mesi
[2026-06-25 08:53:21]     ✅  01:      696,049 passeggeri
[2026-06-25 08:53:21]     ✅  02:      824,313 passeggeri
[2026-06-25 08:53:21]     ✅  03:    1,178,925 passeggeri
[2026-06-25 08:53:22]     ✅  04:    2,439,613 passeggeri
[2026-06-25 08:53:22]     ✅  05:    3,119,255 passeggeri
[2026-06-25 08:53:22]     ✅  06:    3,715,624 passeggeri
[2026-06-25 08:53:22]     ✅  07:    4,431,826 passeggeri
[2026-06-25 08:53:22]     ✅  08:    4,464,895 passeggeri
[2026-06-25 08:53:22]     ✅  09:    3,663,507 passeggeri
[2026-06-25 08:53:22]     ✅  10:    3,063,475 passeggeri
[2026-06-25 08:53:23]     ✅  11:    1,063,065 passeggeri
[2026-06-25 08:53:23]     ✅  12:    1,092,260 passeggeri
[2026-06-25 08:53:23] 
📅  2023
[2026-06-25 08:53:24]     Trovati 12 mesi
[2026-06-25 08:53:24]     ✅  01:    1,093,561 passeggeri
[2026-06-25 08:53:24]     ✅  02:    1,055,210 passeggeri
[2026-06-25 08:53:24]     ✅  03:    1,475,066 passeggeri
[2026-06-25 08:53:24]     ✅  04:    2,731,122 passeggeri
[2026-06-25 08:53:24]     ✅  05:    3,421,182 passeggeri
[2026-06-25 08:53:24]     ✅  06:    3,807,834 passeggeri
[2026-06-25 08:53:24]     ✅  07:    4,378,210 passeggeri
[2026-06-25 08:53:24]     ✅  08:    4,371,606 passeggeri
[2026-06-25 08:53:24]     ✅  09:    3,864,073 passeggeri
[2026-06-25 08:53:25]     ✅  10:    3,286,244 passeggeri
[2026-06-25 08:53:25]     ✅  11:    1,177,492 passeggeri
[2026-06-25 08:53:25]     ✅  12:    1,219,011 passeggeri
[2026-06-25 08:53:25] 
📅  2024
[2026-06-25 08:53:25]     Trovati 12 mesi
[2026-06-25 08:53:25]     ✅  01:    1,206,098 passeggeri
[2026-06-25 08:53:25]     ✅  02:    1,218,132 passeggeri
[2026-06-25 08:53:25]     ✅  03:    1,529,008 passeggeri
[2026-06-25 08:53:25]     ✅  04:    2,807,020 passeggeri
[2026-06-25 08:53:25]     ✅  05:    3,841,241 passeggeri
[2026-06-25 08:53:26]     ✅  06:    4,159,319 passeggeri
[2026-06-25 08:53:26]     ✅  07:    4,598,046 passeggeri
[2026-06-25 08:53:26]     ✅  08:    4,591,163 passeggeri
[2026-06-25 08:53:26]     ✅  09:    4,074,740 passeggeri
[2026-06-25 08:53:26]     ✅  10:    3,490,352 passeggeri
[2026-06-25 08:53:26]     ✅  11:    1,291,965 passeggeri
[2026-06-25 08:53:26]     ✅  12:    1,289,154 passeggeri
[2026-06-25 08:53:26] 
📅  2025
[2026-06-25 08:53:26]     Trovati 12 mesi
[2026-06-25 08:53:28]     ✅  01:    1,057,214 passeggeri
[2026-06-25 08:53:30]     ✅  02:    1,244,951 passeggeri
[2026-06-25 08:53:32]     ✅  03:    1,551,262 passeggeri
[2026-06-25 08:53:33]     ✅  04:    3,010,158 passeggeri
[2026-06-25 08:53:35]     ✅  05:    3,822,704 passeggeri
[2026-06-25 08:53:37]     ✅  06:    4,230,933 passeggeri
[2026-06-25 08:53:39]     ✅  07:    4,594,987 passeggeri
[2026-06-25 08:53:40]     ✅  08:    4,700,495 passeggeri
[2026-06-25 08:53:42]     ✅  09:    4,113,337 passeggeri
[2026-06-25 08:53:44]     ✅  10:    3,501,199 passeggeri
[2026-06-25 08:53:46]     ✅  11:    1,411,496 passeggeri
[2026-06-25 08:53:47]     ✅  12:    1,318,828 passeggeri
[2026-06-25 08:53:47] 
📅  2026
[2026-06-25 08:53:49]     Trovati 5 mesi
[2026-06-25 08:53:50]     ✅  01:    1,275,134 passeggeri
[2026-06-25 08:53:52]     ✅  02:    1,258,924 passeggeri
[2026-06-25 08:53:54]     ✅  03:    1,594,849 passeggeri
[2026-06-25 08:53:56]     ✅  04:    3,089,279 passeggeri
[2026-06-25 08:53:57]     ✅  05:    4,009,687 passeggeri
[2026-06-25 08:53:57] 
✅  Dati salvati: data/passengers.json
[2026-06-25 08:53:57]     Anni disponibili: ['2019', '2020', '2021', '2022', '2023', '2024', '2025', '2026']
[2026-06-25 08:53:57]     Punti dati totali: 89
